c:\users\opact\source\repos\hermes\int\x64\debug\vc142.pdb
c:\users\opact\source\repos\hermes\int\x64\debug\vc142.idb
c:\users\opact\source\repos\hermes\int\x64\debug\vec.obj
c:\users\opact\source\repos\hermes\int\x64\debug\mat.obj
c:\users\opact\source\repos\hermes\int\x64\debug\renderer.obj
c:\users\opact\source\repos\hermes\int\x64\debug\windows32window.obj
c:\users\opact\source\repos\hermes\int\x64\debug\d3dcontext.obj
c:\users\opact\source\repos\hermes\int\x64\debug\logger.obj
c:\users\opact\source\repos\hermes\int\x64\debug\extension.obj
c:\users\opact\source\repos\hermes\int\x64\debug\extensionmanager.obj
c:\users\opact\source\repos\hermes\int\x64\debug\event.obj
c:\users\opact\source\repos\hermes\int\x64\debug\eventhandler.obj
c:\users\opact\source\repos\hermes\int\x64\debug\context.obj
c:\users\opact\source\repos\hermes\int\x64\debug\application.obj
c:\users\opact\source\repos\hermes\int\x64\debug\openglcontext.obj
c:\users\opact\source\repos\hermes\int\x64\debug\oglbuffer.obj
c:\users\opact\source\repos\hermes\int\x64\debug\oglvertexarray.obj
c:\users\opact\source\repos\hermes\int\x64\debug\vertexarray.obj
c:\users\opact\source\repos\hermes\int\x64\debug\buffer.obj
c:\users\opact\source\repos\hermes\bin\x64\debug\hermes.lib
c:\users\opact\source\repos\hermes\bin\x64\debug\hermes.exp
c:\users\opact\source\repos\hermes\bin\x64\debug\hermes.dll
c:\users\opact\source\repos\hermes\bin\x64\debug\hermes.ilk
c:\users\opact\source\repos\hermes\bin\x64\debug\hermes.pdb
c:\users\opact\source\repos\hermes\int\x64\debug\main.obj
c:\users\opact\source\repos\hermes\bin/x64/debug\hermes.pdb
c:\users\opact\source\repos\hermes\bin/x64/debug\hermes.dll
c:\users\opact\source\repos\hermes\bin/x64/debug\hermes.ilk
c:\users\opact\source\repos\hermes\int\x64\debug\hermes.tlog\cl.command.1.tlog
c:\users\opact\source\repos\hermes\int\x64\debug\hermes.tlog\cl.read.1.tlog
c:\users\opact\source\repos\hermes\int\x64\debug\hermes.tlog\cl.write.1.tlog
c:\users\opact\source\repos\hermes\int\x64\debug\hermes.tlog\hermes.write.1u.tlog
c:\users\opact\source\repos\hermes\int\x64\debug\hermes.tlog\link.12344.delete.1.tlog
c:\users\opact\source\repos\hermes\int\x64\debug\hermes.tlog\link.16540.delete.1.tlog
c:\users\opact\source\repos\hermes\int\x64\debug\hermes.tlog\link.24424.delete.1.tlog
c:\users\opact\source\repos\hermes\int\x64\debug\hermes.tlog\link.27632.delete.1.tlog
c:\users\opact\source\repos\hermes\int\x64\debug\hermes.tlog\link.28592.delete.1.tlog
c:\users\opact\source\repos\hermes\int\x64\debug\hermes.tlog\link.32388.delete.1.tlog
c:\users\opact\source\repos\hermes\int\x64\debug\hermes.tlog\link.35580.delete.1.tlog
c:\users\opact\source\repos\hermes\int\x64\debug\hermes.tlog\link.38200.delete.1.tlog
c:\users\opact\source\repos\hermes\int\x64\debug\hermes.tlog\link.656.delete.1.tlog
c:\users\opact\source\repos\hermes\int\x64\debug\hermes.tlog\link.command.1.tlog
c:\users\opact\source\repos\hermes\int\x64\debug\hermes.tlog\link.delete.1.tlog
c:\users\opact\source\repos\hermes\int\x64\debug\hermes.tlog\link.read.1.tlog
c:\users\opact\source\repos\hermes\int\x64\debug\hermes.tlog\link.write.1.tlog
