c:\users\opact\source\repos\hermes\int\win32\debug\vc142.pdb
c:\users\opact\source\repos\hermes\int\win32\debug\vc142.idb
c:\users\opact\source\repos\hermes\int\win32\debug\main.obj
c:\users\opact\source\repos\hermes\bin\win32\debug\blank project.exe
c:\users\opact\source\repos\hermes\bin\win32\debug\blank project.ilk
c:\users\opact\source\repos\hermes\bin\win32\debug\blank project.pdb
c:\users\opact\source\repos\hermes\int\win32\debug\application.obj
c:\users\opact\source\repos\hermes\int\win32\debug\extension.obj
c:\users\opact\source\repos\hermes\int\win32\debug\extensionmanager.obj
c:\users\opact\source\repos\hermes\int\win32\debug\logger.obj
c:\users\opact\source\repos\hermes\int\win32\debug\mat.obj
c:\users\opact\source\repos\hermes\int\win32\debug\vec.obj
c:\users\opact\source\repos\hermes\int\win32\debug\application.nativecodeanalysis.xml
c:\users\opact\source\repos\hermes\int\win32\debug\extension.nativecodeanalysis.xml
c:\users\opact\source\repos\hermes\int\win32\debug\extensionmanager.nativecodeanalysis.xml
c:\users\opact\source\repos\hermes\int\win32\debug\logger.nativecodeanalysis.xml
c:\users\opact\source\repos\hermes\int\win32\debug\mat.nativecodeanalysis.xml
c:\users\opact\source\repos\hermes\int\win32\debug\vec.nativecodeanalysis.xml
c:\users\opact\source\repos\hermes\bin/win32/debug\blank project.pdb
c:\users\opact\source\repos\hermes\bin/win32/debug\blank project.exe
c:\users\opact\source\repos\hermes\bin/win32/debug\blank project.ilk
c:\users\opact\source\repos\hermes\int\win32\debug\blank project.tlog\cl.command.1.tlog
c:\users\opact\source\repos\hermes\int\win32\debug\blank project.tlog\cl.read.1.tlog
c:\users\opact\source\repos\hermes\int\win32\debug\blank project.tlog\cl.write.1.tlog
c:\users\opact\source\repos\hermes\int\win32\debug\blank project.tlog\link.command.1.tlog
c:\users\opact\source\repos\hermes\int\win32\debug\blank project.tlog\link.read.1.tlog
c:\users\opact\source\repos\hermes\int\win32\debug\blank project.tlog\link.write.1.tlog
