c:\users\opact\source\repos\hermes\int\win32\debug\vc142.pdb
c:\users\opact\source\repos\hermes\int\win32\debug\vc142.idb
c:\users\opact\source\repos\hermes\int\win32\debug\logger.obj
c:\users\opact\source\repos\hermes\int\win32\debug\application.obj
c:\users\opact\source\repos\hermes\int\win32\debug\extension.obj
c:\users\opact\source\repos\hermes\int\win32\debug\extensionmanager.obj
c:\users\opact\source\repos\hermes\int\win32\debug\vec2.obj
c:\users\opact\source\repos\hermes\int\win32\debug\vec.obj
c:\users\opact\source\repos\hermes\int\win32\debug\mat.obj
c:\users\opact\source\repos\hermes\int\win32\debug\windows32window.obj
c:\users\opact\source\repos\hermes\bin\win32\debug\hermes.lib
c:\users\opact\source\repos\hermes\bin\win32\debug\hermes.exp
c:\users\opact\source\repos\hermes\bin\win32\debug\hermes.dll
c:\users\opact\source\repos\hermes\bin\win32\debug\hermes.ilk
c:\users\opact\source\repos\hermes\bin\win32\debug\hermes.pdb
c:\users\opact\source\repos\hermes\int\win32\debug\main.obj
c:\users\opact\source\repos\hermes\bin/win32/debug\hermes.pdb
c:\users\opact\source\repos\hermes\bin/win32/debug\hermes.dll
c:\users\opact\source\repos\hermes\bin/win32/debug\hermes.ilk
c:\users\opact\source\repos\hermes\int\win32\debug\hermes.tlog\cl.command.1.tlog
c:\users\opact\source\repos\hermes\int\win32\debug\hermes.tlog\cl.read.1.tlog
c:\users\opact\source\repos\hermes\int\win32\debug\hermes.tlog\cl.write.1.tlog
c:\users\opact\source\repos\hermes\int\win32\debug\hermes.tlog\hermes.write.1u.tlog
c:\users\opact\source\repos\hermes\int\win32\debug\hermes.tlog\link.10644.delete.1.tlog
c:\users\opact\source\repos\hermes\int\win32\debug\hermes.tlog\link.13188.delete.1.tlog
c:\users\opact\source\repos\hermes\int\win32\debug\hermes.tlog\link.18464.delete.1.tlog
c:\users\opact\source\repos\hermes\int\win32\debug\hermes.tlog\link.21400.delete.1.tlog
c:\users\opact\source\repos\hermes\int\win32\debug\hermes.tlog\link.24084.delete.1.tlog
c:\users\opact\source\repos\hermes\int\win32\debug\hermes.tlog\link.28304.delete.1.tlog
c:\users\opact\source\repos\hermes\int\win32\debug\hermes.tlog\link.2884.delete.1.tlog
c:\users\opact\source\repos\hermes\int\win32\debug\hermes.tlog\link.29752.delete.1.tlog
c:\users\opact\source\repos\hermes\int\win32\debug\hermes.tlog\link.36504.delete.1.tlog
c:\users\opact\source\repos\hermes\int\win32\debug\hermes.tlog\link.37596.delete.1.tlog
c:\users\opact\source\repos\hermes\int\win32\debug\hermes.tlog\link.42344.delete.1.tlog
c:\users\opact\source\repos\hermes\int\win32\debug\hermes.tlog\link.46156.delete.1.tlog
c:\users\opact\source\repos\hermes\int\win32\debug\hermes.tlog\link.5436.delete.1.tlog
c:\users\opact\source\repos\hermes\int\win32\debug\hermes.tlog\link.6504.delete.1.tlog
c:\users\opact\source\repos\hermes\int\win32\debug\hermes.tlog\link.7920.delete.1.tlog
c:\users\opact\source\repos\hermes\int\win32\debug\hermes.tlog\link.8304.delete.1.tlog
c:\users\opact\source\repos\hermes\int\win32\debug\hermes.tlog\link.8376.delete.1.tlog
c:\users\opact\source\repos\hermes\int\win32\debug\hermes.tlog\link.command.1.tlog
c:\users\opact\source\repos\hermes\int\win32\debug\hermes.tlog\link.read.1.tlog
c:\users\opact\source\repos\hermes\int\win32\debug\hermes.tlog\link.write.1.tlog
